TN:
SF:src\domain\ingredient\repositories\IngredientRepositoryMock.ts
FN:6,<instance_members_initializer>
FN:8,save
FNF:2
FNH:2
FNDA:3,<instance_members_initializer>
FNDA:2,save
DA:1,1
DA:2,1
DA:3,1
DA:4,1
DA:5,1
DA:6,1
DA:7,1
DA:8,1
DA:9,2
DA:10,2
DA:11,2
DA:12,2
DA:13,2
DA:14,2
DA:15,2
DA:16,2
DA:17,2
DA:18,2
DA:19,1
DA:20,1
DA:21,1
LF:21
LH:21
BRDA:6,0,0,3
BRDA:8,1,0,2
BRF:2
BRH:2
end_of_record
TN:
SF:src\domain\ingredient\useCases\AddIngredinetUseCase.ts
FN:8,<instance_members_initializer>
FN:10,AddIngredientUseCase
FN:14,getRepository
FN:18,perform
FNF:4
FNH:3
FNDA:2,<instance_members_initializer>
FNDA:2,AddIngredientUseCase
FNDA:0,getRepository
FNDA:2,perform
DA:1,1
DA:2,1
DA:3,1
DA:4,1
DA:5,1
DA:6,1
DA:7,1
DA:8,1
DA:9,1
DA:10,1
DA:11,2
DA:12,2
DA:13,1
DA:14,1
DA:15,0
DA:16,0
DA:17,1
DA:18,1
DA:19,2
DA:20,1
DA:21,1
DA:22,1
DA:23,2
DA:24,1
DA:25,1
DA:26,1
DA:27,1
DA:28,1
DA:29,1
LF:29
LH:27
BRDA:8,0,0,2
BRDA:10,1,0,2
BRDA:18,2,0,2
BRDA:19,3,0,1
BRDA:23,4,0,0
BRDA:24,5,0,1
BRF:6
BRH:5
end_of_record
TN:
SF:src\shared\interfaces\AppError.ts
FN:2,<instance_members_initializer>
FN:4,AppError
FNF:2
FNH:2
FNDA:2,<instance_members_initializer>
FNDA:2,AppError
DA:1,1
DA:2,1
DA:3,1
DA:4,1
DA:5,2
DA:6,2
DA:7,2
DA:8,2
DA:9,1
DA:10,1
DA:11,1
LF:11
LH:11
BRDA:2,0,0,2
BRDA:4,1,0,2
BRF:2
BRH:2
end_of_record
